<?xml version="1.0" encoding="UTF-8"?>
<testsuite xmlns:xsi="http://www.w3.org/2001/XMLSchema-instance" xsi:schemaLocation="https://maven.apache.org/surefire/maven-surefire-plugin/xsd/surefire-test-report.xsd" name="edu.ncsu.csc.itrust.unit.action.ViewMyRecordsActionTest" time="13.701" tests="29" errors="0" skipped="0" failures="0">
  <properties>
[...]
</properties>
  <testcase name="testGetAllHealthRecords" classname="edu.ncsu.csc.itrust.unit.action.ViewMyRecordsActionTest" time="0.643"/>
  <testcase name="testGetEmailHistory" classname="edu.ncsu.csc.itrust.unit.action.ViewMyRecordsActionTest" time="0.538"/>
  <testcase name="testGetFamilyMemberCOD" classname="edu.ncsu.csc.itrust.unit.action.ViewMyRecordsActionTest" time="0.606"/>
  <testcase name="testDoesFamilyMemberHaveDiabetes" classname="edu.ncsu.csc.itrust.unit.action.ViewMyRecordsActionTest" time="0.475"/>
  <testcase name="testViewNonExistantRecords" classname="edu.ncsu.csc.itrust.unit.action.ViewMyRecordsActionTest" time="0.454"/>
  <testcase name="testGetRepresenting" classname="edu.ncsu.csc.itrust.unit.action.ViewMyRecordsActionTest" time="0.402"/>
  <testcase name="testGetPatient" classname="edu.ncsu.csc.itrust.unit.action.ViewMyRecordsActionTest" time="0.476"/>
  <testcase name="testGetLabs" classname="edu.ncsu.csc.itrust.unit.action.ViewMyRecordsActionTest" time="0.526"/>
  <testcase name="testDoesFamilyMemberHaveHighCholesterol" classname="edu.ncsu.csc.itrust.unit.action.ViewMyRecordsActionTest" time="0.45"/>
  <testcase name="testGetReportRequests" classname="edu.ncsu.csc.itrust.unit.action.ViewMyRecordsActionTest" time="0.407"/>
  <testcase name="testGetFamilyHealthRecords" classname="edu.ncsu.csc.itrust.unit.action.ViewMyRecordsActionTest" time="0.452"/>
  <testcase name="testGetAllOfficeVisits" classname="edu.ncsu.csc.itrust.unit.action.ViewMyRecordsActionTest" time="0.455"/>
  <testcase name="testRepresentPatient" classname="edu.ncsu.csc.itrust.unit.action.ViewMyRecordsActionTest" time="0.468"/>
  <testcase name="testGetRepresented" classname="edu.ncsu.csc.itrust.unit.action.ViewMyRecordsActionTest" time="0.477"/>
  <testcase name="testDoesFamilyMemberHaveHeartDisease" classname="edu.ncsu.csc.itrust.unit.action.ViewMyRecordsActionTest" time="0.442"/>
  <testcase name="testGetSpecificLabs" classname="edu.ncsu.csc.itrust.unit.action.ViewMyRecordsActionTest" time="0.397"/>
  <testcase name="testDoesFamilyMemberHaveCancer" classname="edu.ncsu.csc.itrust.unit.action.ViewMyRecordsActionTest" time="0.432"/>
  <testcase name="testDoesFamilyMemberHaveHighBP" classname="edu.ncsu.csc.itrust.unit.action.ViewMyRecordsActionTest" time="0.39"/>
  <testcase name="testViewMyRecords" classname="edu.ncsu.csc.itrust.unit.action.ViewMyRecordsActionTest" time="0.462"/>
  <testcase name="testIsFamilyMemberSmoker" classname="edu.ncsu.csc.itrust.unit.action.ViewMyRecordsActionTest" time="0.449"/>
  <testcase name="testGetFamily" classname="edu.ncsu.csc.itrust.unit.action.ViewMyRecordsActionTest" time="0.506"/>
  <testcase name="testGetAllergies" classname="edu.ncsu.csc.itrust.unit.action.ViewMyRecordsActionTest" time="0.47"/>
  <testcase name="testGetOfficeVisit" classname="edu.ncsu.csc.itrust.unit.action.ViewMyRecordsActionTest" time="0.383"/>
  <testcase name="testGetFamilyHistory" classname="edu.ncsu.csc.itrust.unit.action.ViewMyRecordsActionTest" time="0.404"/>
  <testcase name="testGetPatientAgeInMonths" classname="edu.ncsu.csc.itrust.unit.action.ViewMyRecordsActionTest" time="0.434"/>
  <testcase name="testSetViewed" classname="edu.ncsu.csc.itrust.unit.action.ViewMyRecordsActionTest" time="0.457"/>
  <testcase name="testIsSurveyCompleted" classname="edu.ncsu.csc.itrust.unit.action.ViewMyRecordsActionTest" time="0.464"/>
  <testcase name="testGetPersonnel" classname="edu.ncsu.csc.itrust.unit.action.ViewMyRecordsActionTest" time="0.673"/>
  <testcase name="testGetProcedures" classname="edu.ncsu.csc.itrust.unit.action.ViewMyRecordsActionTest" time="0.507"/>
</testsuite>