<?xml version="1.0" encoding="UTF-8"?>
<testsuite xmlns:xsi="http://www.w3.org/2001/XMLSchema-instance" xsi:schemaLocation="https://maven.apache.org/surefire/maven-surefire-plugin/xsd/surefire-test-report.xsd" name="edu.ncsu.csc.itrust.unit.report.DemographicReportFilterTest" time="23.508" tests="62" errors="0" skipped="0" failures="0">
  <properties>
[...]
</properties>
  <testcase name="testFilterByGenderNoResult" classname="edu.ncsu.csc.itrust.unit.report.DemographicReportFilterTest" time="0.559"/>
  <testcase name="testFilterByParentLastName2" classname="edu.ncsu.csc.itrust.unit.report.DemographicReportFilterTest" time="0.795"/>
  <testcase name="testFilterByICID" classname="edu.ncsu.csc.itrust.unit.report.DemographicReportFilterTest" time="0.631"/>
  <testcase name="testFilterByZip2" classname="edu.ncsu.csc.itrust.unit.report.DemographicReportFilterTest" time="0.404"/>
  <testcase name="testFilterByMID" classname="edu.ncsu.csc.itrust.unit.report.DemographicReportFilterTest" time="0.336"/>
  <testcase name="testFilterByZip" classname="edu.ncsu.csc.itrust.unit.report.DemographicReportFilterTest" time="0.517"/>
  <testcase name="testFilterByStateNoResult" classname="edu.ncsu.csc.itrust.unit.report.DemographicReportFilterTest" time="0.488"/>
  <testcase name="testFilterByChildFirstName" classname="edu.ncsu.csc.itrust.unit.report.DemographicReportFilterTest" time="0.372"/>
  <testcase name="testFilterByFirstNameNoResult" classname="edu.ncsu.csc.itrust.unit.report.DemographicReportFilterTest" time="0.384"/>
  <testcase name="testFilterTypeFromString" classname="edu.ncsu.csc.itrust.unit.report.DemographicReportFilterTest" time="0.406"/>
  <testcase name="testFilterByParentLastName" classname="edu.ncsu.csc.itrust.unit.report.DemographicReportFilterTest" time="0.321"/>
  <testcase name="testToString" classname="edu.ncsu.csc.itrust.unit.report.DemographicReportFilterTest" time="0.527"/>
  <testcase name="testFilterByCityNoResult" classname="edu.ncsu.csc.itrust.unit.report.DemographicReportFilterTest" time="0.365"/>
  <testcase name="testFilterByICAddress1" classname="edu.ncsu.csc.itrust.unit.report.DemographicReportFilterTest" time="0.345"/>
  <testcase name="testFilterByICAddress2" classname="edu.ncsu.csc.itrust.unit.report.DemographicReportFilterTest" time="0.324"/>
  <testcase name="testFilterByICAddress3" classname="edu.ncsu.csc.itrust.unit.report.DemographicReportFilterTest" time="0.352"/>
  <testcase name="testFilterByChildFirstNameNoResult" classname="edu.ncsu.csc.itrust.unit.report.DemographicReportFilterTest" time="0.311"/>
  <testcase name="testFilterBySiblingLastName" classname="edu.ncsu.csc.itrust.unit.report.DemographicReportFilterTest" time="0.461"/>
  <testcase name="testFilterByChildLastNameNoResult" classname="edu.ncsu.csc.itrust.unit.report.DemographicReportFilterTest" time="0.414"/>
  <testcase name="testGetFilterTypeString" classname="edu.ncsu.csc.itrust.unit.report.DemographicReportFilterTest" time="0.308"/>
  <testcase name="testFilterByLowerAge" classname="edu.ncsu.csc.itrust.unit.report.DemographicReportFilterTest" time="0.273"/>
  <testcase name="testFilterByICPhone" classname="edu.ncsu.csc.itrust.unit.report.DemographicReportFilterTest" time="0.298"/>
  <testcase name="testFilterByICState" classname="edu.ncsu.csc.itrust.unit.report.DemographicReportFilterTest" time="0.291"/>
  <testcase name="testFilterByLastName" classname="edu.ncsu.csc.itrust.unit.report.DemographicReportFilterTest" time="0.392"/>
  <testcase name="testFilterByGender" classname="edu.ncsu.csc.itrust.unit.report.DemographicReportFilterTest" time="0.273"/>
  <testcase name="testFilterByPhoneNoResult" classname="edu.ncsu.csc.itrust.unit.report.DemographicReportFilterTest" time="0.308"/>
  <testcase name="testFilterByICCity" classname="edu.ncsu.csc.itrust.unit.report.DemographicReportFilterTest" time="0.275"/>
  <testcase name="testFilterByICName" classname="edu.ncsu.csc.itrust.unit.report.DemographicReportFilterTest" time="0.268"/>
  <testcase name="testFilterByInvalidUpperAge" classname="edu.ncsu.csc.itrust.unit.report.DemographicReportFilterTest" time="0.339"/>
  <testcase name="testFilterBySiblingFirstNameNoResult" classname="edu.ncsu.csc.itrust.unit.report.DemographicReportFilterTest" time="0.377"/>
  <testcase name="testGetFilterType" classname="edu.ncsu.csc.itrust.unit.report.DemographicReportFilterTest" time="0.311"/>
  <testcase name="testFilterByLastNameNoResult" classname="edu.ncsu.csc.itrust.unit.report.DemographicReportFilterTest" time="0.345"/>
  <testcase name="testFilterBySiblingFirstName" classname="edu.ncsu.csc.itrust.unit.report.DemographicReportFilterTest" time="0.362"/>
  <testcase name="testFilterByContactEmail" classname="edu.ncsu.csc.itrust.unit.report.DemographicReportFilterTest" time="0.28"/>
  <testcase name="testFilterByInsuranceZipNoResult" classname="edu.ncsu.csc.itrust.unit.report.DemographicReportFilterTest" time="0.355"/>
  <testcase name="testFilterByOnlyDeactivated" classname="edu.ncsu.csc.itrust.unit.report.DemographicReportFilterTest" time="0.287"/>
  <testcase name="testFilterByStreetAddrNoResult" classname="edu.ncsu.csc.itrust.unit.report.DemographicReportFilterTest" time="0.327"/>
  <testcase name="testFilterByZipNoResult" classname="edu.ncsu.csc.itrust.unit.report.DemographicReportFilterTest" time="0.94"/>
  <testcase name="testFilterByInvalidLowerAge" classname="edu.ncsu.csc.itrust.unit.report.DemographicReportFilterTest" time="0.637"/>
  <testcase name="testFilterBySiblingLastNameNoResult" classname="edu.ncsu.csc.itrust.unit.report.DemographicReportFilterTest" time="0.633"/>
  <testcase name="testFilterByParentFirstName" classname="edu.ncsu.csc.itrust.unit.report.DemographicReportFilterTest" time="0.416"/>
  <testcase name="testFilterByStreetAddr1" classname="edu.ncsu.csc.itrust.unit.report.DemographicReportFilterTest" time="0.399"/>
  <testcase name="testFilterByStreetAddr2" classname="edu.ncsu.csc.itrust.unit.report.DemographicReportFilterTest" time="0.324"/>
  <testcase name="testFilterByStreetAddr3" classname="edu.ncsu.csc.itrust.unit.report.DemographicReportFilterTest" time="0.301"/>
  <testcase name="testFilterByLowerAgeNoResult" classname="edu.ncsu.csc.itrust.unit.report.DemographicReportFilterTest" time="0.349"/>
  <testcase name="testFilterByFirstName" classname="edu.ncsu.csc.itrust.unit.report.DemographicReportFilterTest" time="0.394"/>
  <testcase name="testFilterByParentFirstNameNoResult" classname="edu.ncsu.csc.itrust.unit.report.DemographicReportFilterTest" time="0.393"/>
  <testcase name="testFilterByUpperAgeNoResult" classname="edu.ncsu.csc.itrust.unit.report.DemographicReportFilterTest" time="0.335"/>
  <testcase name="testFilterByContactPhoneNoResult" classname="edu.ncsu.csc.itrust.unit.report.DemographicReportFilterTest" time="0.27"/>
  <testcase name="testFilterByEmerContactNameNoResult" classname="edu.ncsu.csc.itrust.unit.report.DemographicReportFilterTest" time="0.271"/>
  <testcase name="testGetFilterValue" classname="edu.ncsu.csc.itrust.unit.report.DemographicReportFilterTest" time="0.361"/>
  <testcase name="testFilterByCity1" classname="edu.ncsu.csc.itrust.unit.report.DemographicReportFilterTest" time="0.415"/>
  <testcase name="testFilterByCity2" classname="edu.ncsu.csc.itrust.unit.report.DemographicReportFilterTest" time="0.32"/>
  <testcase name="testFilterByPhone" classname="edu.ncsu.csc.itrust.unit.report.DemographicReportFilterTest" time="0.309"/>
  <testcase name="testFilterByState" classname="edu.ncsu.csc.itrust.unit.report.DemographicReportFilterTest" time="0.305"/>
  <testcase name="testFilterByChildLastName" classname="edu.ncsu.csc.itrust.unit.report.DemographicReportFilterTest" time="0.337"/>
  <testcase name="testFilterByExcludeDeactivated" classname="edu.ncsu.csc.itrust.unit.report.DemographicReportFilterTest" time="0.32"/>
  <testcase name="testFilterByContactEmailNoResult" classname="edu.ncsu.csc.itrust.unit.report.DemographicReportFilterTest" time="0.311"/>
  <testcase name="testFilterByEmerContactName" classname="edu.ncsu.csc.itrust.unit.report.DemographicReportFilterTest" time="0.274"/>
  <testcase name="testFilterByParentLastNameNoResult" classname="edu.ncsu.csc.itrust.unit.report.DemographicReportFilterTest" time="0.283"/>
  <testcase name="testFilterByParentFirstName2" classname="edu.ncsu.csc.itrust.unit.report.DemographicReportFilterTest" time="0.309"/>
  <testcase name="testFilterByInsuranceZip" classname="edu.ncsu.csc.itrust.unit.report.DemographicReportFilterTest" time="0.314"/>
</testsuite>